<?xml version="1.0" encoding="UTF-8"?>
<!-- Generated by org.testng.reporters.JUnitReportReporter -->
<testsuite hostname="vimal" failures="0" tests="1" name="com.globalsearch.searchProduct" time="5.362" errors="1" timestamp="2021-09-28T09:43:52 IST" skipped="0">
  <testcase classname="com.globalsearch.searchProduct" name="getSearchList" time="5.362">
    <error message="An element could not be located on the page using the given search parameters.
For documentation on this error, please visit: https://www.seleniumhq.org/exceptions/no_such_element.html
Build info: version: &#039;3.141.59&#039;, revision: &#039;e82be7d358&#039;, time: &#039;2018-11-14T08:17:03&#039;
System info: host: &#039;vimal&#039;, ip: &#039;192.168.43.217&#039;, os.name: &#039;Linux&#039;, os.arch: &#039;amd64&#039;, os.version: &#039;4.15.0-156-generic&#039;, java.version: &#039;11.0.11&#039;
Driver info: io.appium.java_client.android.AndroidDriver
Capabilities {appActivity: com.amazon.mShop.home.HomeA..., appPackage: in.amazon.mShop.android.sho..., databaseEnabled: false, desired: {appActivity: com.amazon.mShop.home.HomeA..., appPackage: in.amazon.mShop.android.sho..., deviceName: My Phone, noReset: true, platformName: android, platformVersion: 9.0, resetKeyboard: true, udid: D1AGAD5860502179, unicodeKeyboard: true}, deviceManufacturer: HMD Global, deviceModel: TA-1053, deviceName: D1AGAD5860502179, deviceScreenSize: 720x1280, deviceUDID: D1AGAD5860502179, javascriptEnabled: true, locationContextEnabled: false, networkConnectionEnabled: true, noReset: true, platform: LINUX, platformName: Android, platformVersion: 9, resetKeyboard: true, takesScreenshot: true, udid: D1AGAD5860502179, unicodeKeyboard: true, warnings: {}, webStorageEnabled: false}
Session ID: a441dbc5-8d46-49fe-8dc8-0df7cc740532
*** Element info: {Using=xpath, value=/hierarchy/android.widget.FrameLayout/android.widget.LinearLayout/android.widget.FrameLayout/android.support.v4.widget.DrawerLayout/android.widget.RelativeLayout/android.widget.RelativeLayout[2]/android.widget.FrameLayout/android.widget.LinearLayout/android.widget.ViewAnimator/android.view.ViewGroup/android.widget.FrameLayout/android.widget.LinearLayout/android.widget.FrameLayout/android.widget.RelativeLayout/android.widget.RelativeLayout/android.webkit.WebView/android.webkit.WebView/android.view.View/android.view.View[1]/android.view.View/android.view.View[3]/android.widget.TextView[1]}" type="org.openqa.selenium.NoSuchElementException">
      <![CDATA[org.openqa.selenium.NoSuchElementException: An element could not be located on the page using the given search parameters.
For documentation on this error, please visit: https://www.seleniumhq.org/exceptions/no_such_element.html
Build info: version: '3.141.59', revision: 'e82be7d358', time: '2018-11-14T08:17:03'
System info: host: 'vimal', ip: '192.168.43.217', os.name: 'Linux', os.arch: 'amd64', os.version: '4.15.0-156-generic', java.version: '11.0.11'
Driver info: io.appium.java_client.android.AndroidDriver
Capabilities {appActivity: com.amazon.mShop.home.HomeA..., appPackage: in.amazon.mShop.android.sho..., databaseEnabled: false, desired: {appActivity: com.amazon.mShop.home.HomeA..., appPackage: in.amazon.mShop.android.sho..., deviceName: My Phone, noReset: true, platformName: android, platformVersion: 9.0, resetKeyboard: true, udid: D1AGAD5860502179, unicodeKeyboard: true}, deviceManufacturer: HMD Global, deviceModel: TA-1053, deviceName: D1AGAD5860502179, deviceScreenSize: 720x1280, deviceUDID: D1AGAD5860502179, javascriptEnabled: true, locationContextEnabled: false, networkConnectionEnabled: true, noReset: true, platform: LINUX, platformName: Android, platformVersion: 9, resetKeyboard: true, takesScreenshot: true, udid: D1AGAD5860502179, unicodeKeyboard: true, warnings: {}, webStorageEnabled: false}
Session ID: a441dbc5-8d46-49fe-8dc8-0df7cc740532
*** Element info: {Using=xpath, value=/hierarchy/android.widget.FrameLayout/android.widget.LinearLayout/android.widget.FrameLayout/android.support.v4.widget.DrawerLayout/android.widget.RelativeLayout/android.widget.RelativeLayout[2]/android.widget.FrameLayout/android.widget.LinearLayout/android.widget.ViewAnimator/android.view.ViewGroup/android.widget.FrameLayout/android.widget.LinearLayout/android.widget.FrameLayout/android.widget.RelativeLayout/android.widget.RelativeLayout/android.webkit.WebView/android.webkit.WebView/android.view.View/android.view.View[1]/android.view.View/android.view.View[3]/android.widget.TextView[1]}
at java.base/jdk.internal.reflect.NativeConstructorAccessorImpl.newInstance0(Native Method)
at java.base/jdk.internal.reflect.NativeConstructorAccessorImpl.newInstance(NativeConstructorAccessorImpl.java:62)
at java.base/jdk.internal.reflect.DelegatingConstructorAccessorImpl.newInstance(DelegatingConstructorAccessorImpl.java:45)
at java.base/java.lang.reflect.Constructor.newInstance(Constructor.java:490)
at org.openqa.selenium.remote.http.W3CHttpResponseCodec.createException(W3CHttpResponseCodec.java:187)
at org.openqa.selenium.remote.http.W3CHttpResponseCodec.decode(W3CHttpResponseCodec.java:122)
at org.openqa.selenium.remote.http.W3CHttpResponseCodec.decode(W3CHttpResponseCodec.java:49)
at org.openqa.selenium.remote.HttpCommandExecutor.execute(HttpCommandExecutor.java:158)
at io.appium.java_client.remote.AppiumCommandExecutor.execute(AppiumCommandExecutor.java:239)
at org.openqa.selenium.remote.RemoteWebDriver.execute(RemoteWebDriver.java:552)
at io.appium.java_client.DefaultGenericMobileDriver.execute(DefaultGenericMobileDriver.java:41)
at io.appium.java_client.AppiumDriver.execute(AppiumDriver.java:1)
at io.appium.java_client.android.AndroidDriver.execute(AndroidDriver.java:1)
at org.openqa.selenium.remote.RemoteWebDriver.findElement(RemoteWebDriver.java:323)
at io.appium.java_client.DefaultGenericMobileDriver.findElement(DefaultGenericMobileDriver.java:61)
at io.appium.java_client.AppiumDriver.findElement(AppiumDriver.java:1)
at io.appium.java_client.android.AndroidDriver.findElement(AndroidDriver.java:1)
at org.openqa.selenium.remote.RemoteWebDriver.findElementByXPath(RemoteWebDriver.java:428)
at io.appium.java_client.DefaultGenericMobileDriver.findElementByXPath(DefaultGenericMobileDriver.java:151)
at io.appium.java_client.AppiumDriver.findElementByXPath(AppiumDriver.java:1)
at io.appium.java_client.android.AndroidDriver.findElementByXPath(AndroidDriver.java:1)
at org.openqa.selenium.By$ByXPath.findElement(By.java:353)
at org.openqa.selenium.remote.RemoteWebDriver.findElement(RemoteWebDriver.java:315)
at io.appium.java_client.DefaultGenericMobileDriver.findElement(DefaultGenericMobileDriver.java:57)
at io.appium.java_client.AppiumDriver.findElement(AppiumDriver.java:1)
at io.appium.java_client.android.AndroidDriver.findElement(AndroidDriver.java:1)
at com.globalsearch.searchProduct.getSearchList(searchProduct.java:68)
at java.base/jdk.internal.reflect.NativeMethodAccessorImpl.invoke0(Native Method)
at java.base/jdk.internal.reflect.NativeMethodAccessorImpl.invoke(NativeMethodAccessorImpl.java:62)
at java.base/jdk.internal.reflect.DelegatingMethodAccessorImpl.invoke(DelegatingMethodAccessorImpl.java:43)
at java.base/java.lang.reflect.Method.invoke(Method.java:566)
at org.testng.internal.MethodInvocationHelper.invokeMethod(MethodInvocationHelper.java:133)
at org.testng.internal.TestInvoker.invokeMethod(TestInvoker.java:598)
at org.testng.internal.TestInvoker.invokeTestMethod(TestInvoker.java:173)
at org.testng.internal.MethodRunner.runInSequence(MethodRunner.java:46)
at org.testng.internal.TestInvoker$MethodInvocationAgent.invoke(TestInvoker.java:824)
at org.testng.internal.TestInvoker.invokeTestMethods(TestInvoker.java:146)
at org.testng.internal.TestMethodWorker.invokeTestMethods(TestMethodWorker.java:146)
at org.testng.internal.TestMethodWorker.run(TestMethodWorker.java:128)
at java.base/java.util.ArrayList.forEach(ArrayList.java:1541)
at org.testng.TestRunner.privateRun(TestRunner.java:794)
at org.testng.TestRunner.run(TestRunner.java:596)
at org.testng.SuiteRunner.runTest(SuiteRunner.java:377)
at org.testng.SuiteRunner.runSequentially(SuiteRunner.java:371)
at org.testng.SuiteRunner.privateRun(SuiteRunner.java:332)
at org.testng.SuiteRunner.run(SuiteRunner.java:276)
at org.testng.SuiteRunnerWorker.runSuite(SuiteRunnerWorker.java:53)
at org.testng.SuiteRunnerWorker.run(SuiteRunnerWorker.java:96)
at org.testng.TestNG.runSuitesSequentially(TestNG.java:1212)
at org.testng.TestNG.runSuitesLocally(TestNG.java:1134)
at org.testng.TestNG.runSuites(TestNG.java:1063)
at org.testng.TestNG.run(TestNG.java:1031)
at org.testng.remote.AbstractRemoteTestNG.run(AbstractRemoteTestNG.java:115)
at org.testng.remote.RemoteTestNG.initAndRun(RemoteTestNG.java:251)
at org.testng.remote.RemoteTestNG.main(RemoteTestNG.java:77)
]]>
    </error>
  </testcase> <!-- getSearchList -->
  <system-out/>
</testsuite> <!-- com.globalsearch.searchProduct -->
