<?xml version="1.0" encoding="UTF-8"?>
<!-- Generated by org.testng.reporters.JUnitReportReporter -->
<testsuite hostname="vimal" failures="0" tests="1" name="com.parent.HelloWord" time="0.009" errors="0" timestamp="2021-09-25T19:21:47 IST" skipped="0">
  <testcase classname="com.parent.HelloWord" name="start" time="0.009"/>
  <system-out/>
</testsuite> <!-- com.parent.HelloWord -->
