<?xml version="1.0" encoding="UTF-8"?>
<!-- Generated by org.testng.reporters.JUnitReportReporter -->
<testsuite hostname="vimal" failures="0" tests="1" name="com.parent.BaseInit" time="11.422" errors="0" timestamp="2021-09-27T10:39:44 IST" skipped="0">
  <testcase classname="com.parent.BaseInit" name="startUp" time="11.422"/>
  <system-out/>
</testsuite> <!-- com.parent.BaseInit -->
